{"name": "test_register[Create user - username Is Below Min Value]", "status": "failed", "statusDetails": {"message": "AssertionError: FAILURE: \u001b[31massert 200 == 400\ntests\\test_api.py:41 in test_register() -> check.equal(response.status_code,\n\u001b[39m\n------------------------------------------------------------\nFailed Checks: 1", "trace": "FAILURE: \u001b[31massert 200 == 400\ntests\\test_api.py:41 in test_register() -> check.equal(response.status_code,\n\u001b[39m\n------------------------------------------------------------\nFailed Checks: 1"}, "attachments": [{"name": "log", "source": "3dfe1fde-2ca0-4d32-9fee-8268db14ffe5-attachment.txt", "type": "text/plain"}], "parameters": [{"name": "case", "value": "{'Case': 'Create user - username Is Below Min Value', 'Test Type': 'Negative', 'Request_Body': {'firstName': 'LCAmTFNcfudLiLnclGQTEVYmqz', 'lastName': 'DKyffLwpCZprEsqRxHuJFzRHed', 'username': 'tP1', 'password': '*(%`\\\\|^'}}"}], "start": 1670168736629, "stop": 1670168737453, "uuid": "f97d822a-83e0-4a37-9f32-9cb7b0f62c17", "historyId": "b1a382453ff7d6a80aa75086bd728096", "testCaseId": "bd51a8de3249e024de618e4e17a0a343", "fullName": "tests.test_api.TestApi#test_register", "labels": [{"name": "tag", "value": "@pytest.mark.usefixtures('setup')"}, {"name": "parentSuite", "value": "tests"}, {"name": "suite", "value": "test_api"}, {"name": "subSuite", "value": "TestApi"}, {"name": "host", "value": "DESKTOP-EGG762M"}, {"name": "thread", "value": "11972-MainThread"}, {"name": "framework", "value": "pytest"}, {"name": "language", "value": "cpython3"}, {"name": "package", "value": "tests.test_api"}]}