{"name": "test_register[Create user - Lastname Symbolic]", "status": "failed", "statusDetails": {"message": "AssertionError: FAILURE: \u001b[31massert 200 == 400\ntests\\test_api.py:41 in test_register() -> check.equal(response.status_code,\n\u001b[39m\n------------------------------------------------------------\nFailed Checks: 1", "trace": "FAILURE: \u001b[31massert 200 == 400\ntests\\test_api.py:41 in test_register() -> check.equal(response.status_code,\n\u001b[39m\n------------------------------------------------------------\nFailed Checks: 1"}, "attachments": [{"name": "log", "source": "9f3d8861-7c34-4a4c-8079-9af94b81d377-attachment.txt", "type": "text/plain"}], "parameters": [{"name": "case", "value": "{'Case': 'Create user - Lastname Symbolic', 'Test Type': 'Negative', 'Request_Body': {'firstName': 'pNDyROSrnGpHLmDyproAAnPjoR', 'lastName': '\\\\(!![[@|>`{=|<{\\\\@.[$~~</!`', 'username': 'baPW7845', 'password': 'kVfh788'}}"}], "start": 1670168722830, "stop": 1670168723636, "uuid": "73131896-2143-4ae9-ae00-38ca67d354a3", "historyId": "5d0ca5feafcc75419f096568643270b0", "testCaseId": "bd51a8de3249e024de618e4e17a0a343", "fullName": "tests.test_api.TestApi#test_register", "labels": [{"name": "tag", "value": "@pytest.mark.usefixtures('setup')"}, {"name": "parentSuite", "value": "tests"}, {"name": "suite", "value": "test_api"}, {"name": "subSuite", "value": "TestApi"}, {"name": "host", "value": "DESKTOP-EGG762M"}, {"name": "thread", "value": "11972-MainThread"}, {"name": "framework", "value": "pytest"}, {"name": "language", "value": "cpython3"}, {"name": "package", "value": "tests.test_api"}]}