{"name": "test_register[Create user - Password AlphaNumeric & Symbolic]", "status": "failed", "statusDetails": {"message": "AssertionError: FAILURE: \u001b[31massert 200 == 201\ntests\\test_api.py:28 in test_register() -> check.equal(response.status_code,\n\u001b[39m\n------------------------------------------------------------\nFailed Checks: 1", "trace": "FAILURE: \u001b[31massert 200 == 201\ntests\\test_api.py:28 in test_register() -> check.equal(response.status_code,\n\u001b[39m\n------------------------------------------------------------\nFailed Checks: 1"}, "attachments": [{"name": "log", "source": "475695ce-e9f4-4e11-9412-49100d578603-attachment.txt", "type": "text/plain"}], "parameters": [{"name": "case", "value": "{'Case': 'Create user - Password AlphaNumeric & Symbolic', 'Test Type': 'Positive', 'Request_Body': {'firstName': 'TTATPHZlgjeKeQMigJucmnlSEw', 'lastName': 'oHCeSXAgpXSXBHYnKDYVEfGiAZ', 'username': 'LdUb9189', 'password': 'Vh41-/~'}}"}], "start": 1670168730796, "stop": 1670168731809, "uuid": "5b7c39d7-0e69-4735-bb30-23cc4f3aa814", "historyId": "a47f5fda2ce836249a7c7e76e6082848", "testCaseId": "bd51a8de3249e024de618e4e17a0a343", "fullName": "tests.test_api.TestApi#test_register", "labels": [{"name": "tag", "value": "@pytest.mark.usefixtures('setup')"}, {"name": "parentSuite", "value": "tests"}, {"name": "suite", "value": "test_api"}, {"name": "subSuite", "value": "TestApi"}, {"name": "host", "value": "DESKTOP-EGG762M"}, {"name": "thread", "value": "11972-MainThread"}, {"name": "framework", "value": "pytest"}, {"name": "language", "value": "cpython3"}, {"name": "package", "value": "tests.test_api"}]}