{"name": "test_register[Create user - LastName & username Are Below Min Value]", "status": "failed", "statusDetails": {"message": "AssertionError: FAILURE: \u001b[31massert 200 == 400\ntests\\test_api.py:41 in test_register() -> check.equal(response.status_code,\n\u001b[39m\n------------------------------------------------------------\nFailed Checks: 1", "trace": "FAILURE: \u001b[31massert 200 == 400\ntests\\test_api.py:41 in test_register() -> check.equal(response.status_code,\n\u001b[39m\n------------------------------------------------------------\nFailed Checks: 1"}, "attachments": [{"name": "log", "source": "d52796d2-c2ff-4435-9403-220b28ac2f53-attachment.txt", "type": "text/plain"}], "parameters": [{"name": "case", "value": "{'Case': 'Create user - LastName & username Are Below Min Value', 'Test Type': 'Negative', 'Request_Body': {'firstName': 'wyNLOGPMQfXhrNfuyzFMNrSvqM', 'lastName': 'u', 'username': 'wv1', 'password': '&,)!{`'}}"}], "start": 1670168735895, "stop": 1670168736623, "uuid": "aedd4c80-f3d5-4047-a411-22fe2bcf81b1", "historyId": "ac6fc6e9462e47afc864cd7eecc79bb8", "testCaseId": "bd51a8de3249e024de618e4e17a0a343", "fullName": "tests.test_api.TestApi#test_register", "labels": [{"name": "tag", "value": "@pytest.mark.usefixtures('setup')"}, {"name": "parentSuite", "value": "tests"}, {"name": "suite", "value": "test_api"}, {"name": "subSuite", "value": "TestApi"}, {"name": "host", "value": "DESKTOP-EGG762M"}, {"name": "thread", "value": "11972-MainThread"}, {"name": "framework", "value": "pytest"}, {"name": "language", "value": "cpython3"}, {"name": "package", "value": "tests.test_api"}]}