{"name": "test_register[Create user - Empty Lastname & username & Password Field]", "status": "failed", "statusDetails": {"message": "AssertionError: FAILURE: \u001b[31massert 200 == 400\ntests\\test_api.py:41 in test_register() -> check.equal(response.status_code,\n\u001b[39m\n------------------------------------------------------------\nFailed Checks: 1", "trace": "FAILURE: \u001b[31massert 200 == 400\ntests\\test_api.py:41 in test_register() -> check.equal(response.status_code,\n\u001b[39m\n------------------------------------------------------------\nFailed Checks: 1"}, "attachments": [{"name": "log", "source": "c617e519-7749-48eb-b99e-bd63d6fe4677-attachment.txt", "type": "text/plain"}], "parameters": [{"name": "case", "value": "{'Case': 'Create user - Empty Lastname & username & Password Field', 'Test Type': 'Negative', 'Request_Body': {'firstName': 'KURFuUoaUiUlgbRIabXaCrRioS', 'lastName': '', 'username': '', 'password': ''}}"}], "start": 1670168715830, "stop": 1670168716574, "uuid": "665cf737-9568-4aea-95b1-4b3312ffa314", "historyId": "d89ccec29e7a87593dbc5165bdb21f13", "testCaseId": "bd51a8de3249e024de618e4e17a0a343", "fullName": "tests.test_api.TestApi#test_register", "labels": [{"name": "tag", "value": "@pytest.mark.usefixtures('setup')"}, {"name": "parentSuite", "value": "tests"}, {"name": "suite", "value": "test_api"}, {"name": "subSuite", "value": "TestApi"}, {"name": "host", "value": "DESKTOP-EGG762M"}, {"name": "thread", "value": "11972-MainThread"}, {"name": "framework", "value": "pytest"}, {"name": "language", "value": "cpython3"}, {"name": "package", "value": "tests.test_api"}]}