{"name": "test_register[Create user - Firstname Alphanumeric & Symbolic]", "status": "failed", "statusDetails": {"message": "AssertionError: FAILURE: \u001b[31massert 200 == 400\ntests\\test_api.py:41 in test_register() -> check.equal(response.status_code,\n\u001b[39m\n------------------------------------------------------------\nFailed Checks: 1", "trace": "FAILURE: \u001b[31massert 200 == 400\ntests\\test_api.py:41 in test_register() -> check.equal(response.status_code,\n\u001b[39m\n------------------------------------------------------------\nFailed Checks: 1"}, "attachments": [{"name": "log", "source": "f75dfa29-d92f-4665-a81b-15baca5bef77-attachment.txt", "type": "text/plain"}], "parameters": [{"name": "case", "value": "{'Case': 'Create user - Firstname Alphanumeric & Symbolic', 'Test Type': 'Negative', 'Request_Body': {'firstName': 'fJgKEDEsY5752^[.->~>&*!]}?', 'lastName': 'DBiZaHPBUiKNUTjEOeOOnVReSv', 'username': 'HpAb6765', 'password': 'ZZg510'}}"}], "start": 1670168720549, "stop": 1670168721262, "uuid": "cec279f8-8475-469f-8574-2f5face7b9c3", "historyId": "ba53ec95b84e23666a37276e266c7e32", "testCaseId": "bd51a8de3249e024de618e4e17a0a343", "fullName": "tests.test_api.TestApi#test_register", "labels": [{"name": "tag", "value": "@pytest.mark.usefixtures('setup')"}, {"name": "parentSuite", "value": "tests"}, {"name": "suite", "value": "test_api"}, {"name": "subSuite", "value": "TestApi"}, {"name": "host", "value": "DESKTOP-EGG762M"}, {"name": "thread", "value": "11972-MainThread"}, {"name": "framework", "value": "pytest"}, {"name": "language", "value": "cpython3"}, {"name": "package", "value": "tests.test_api"}]}