{"name": "test_register[Create user - Firstname & Lastname & username Are Below Min Value]", "status": "failed", "statusDetails": {"message": "AssertionError: FAILURE: \u001b[31massert 200 == 400\ntests\\test_api.py:41 in test_register() -> check.equal(response.status_code,\n\u001b[39m\n------------------------------------------------------------\nFailed Checks: 1", "trace": "FAILURE: \u001b[31massert 200 == 400\ntests\\test_api.py:41 in test_register() -> check.equal(response.status_code,\n\u001b[39m\n------------------------------------------------------------\nFailed Checks: 1"}, "attachments": [{"name": "log", "source": "07482438-04de-41f7-8be7-499186c84b52-attachment.txt", "type": "text/plain"}], "parameters": [{"name": "case", "value": "{'Case': 'Create user - Firstname & Lastname & username Are Below Min Value', 'Test Type': 'Negative', 'Request_Body': {'firstName': 'Q', 'lastName': 'W', 'username': 'LL8', 'password': 'AlX7\"\\'+.'}}"}], "start": 1670168734179, "stop": 1670168735035, "uuid": "a843608d-5eae-44b7-8a8d-042850fa3665", "historyId": "267d0461ffa43ffc8ee2561ba540ada8", "testCaseId": "bd51a8de3249e024de618e4e17a0a343", "fullName": "tests.test_api.TestApi#test_register", "labels": [{"name": "tag", "value": "@pytest.mark.usefixtures('setup')"}, {"name": "parentSuite", "value": "tests"}, {"name": "suite", "value": "test_api"}, {"name": "subSuite", "value": "TestApi"}, {"name": "host", "value": "DESKTOP-EGG762M"}, {"name": "thread", "value": "11972-MainThread"}, {"name": "framework", "value": "pytest"}, {"name": "language", "value": "cpython3"}, {"name": "package", "value": "tests.test_api"}]}