{"name": "test_register[Create user - Password AlphaNumeric]", "status": "failed", "statusDetails": {"message": "AssertionError: FAILURE: \u001b[31massert 200 == 201\ntests\\test_api.py:28 in test_register() -> check.equal(response.status_code,\n\u001b[39m\n------------------------------------------------------------\nFailed Checks: 1", "trace": "FAILURE: \u001b[31massert 200 == 201\ntests\\test_api.py:28 in test_register() -> check.equal(response.status_code,\n\u001b[39m\n------------------------------------------------------------\nFailed Checks: 1"}, "attachments": [{"name": "log", "source": "04a70dcd-18cc-4934-8c68-e243a016e12c-attachment.txt", "type": "text/plain"}], "parameters": [{"name": "case", "value": "{'Case': 'Create user - Password AlphaNumeric', 'Test Type': 'Positive', 'Request_Body': {'firstName': 'zHxvfkJzQcFFWvlGJeDnbUaCUI', 'lastName': 'lbHcSKVHIWViOOFTamoyfSstzr', 'username': 'ZVGM8081', 'password': 'pVeN2820'}}"}], "start": 1670168728472, "stop": 1670168729307, "uuid": "f45ebef0-503a-4177-9b75-99e5c599d5fa", "historyId": "7742372428e1ab719af98b11fea605ab", "testCaseId": "bd51a8de3249e024de618e4e17a0a343", "fullName": "tests.test_api.TestApi#test_register", "labels": [{"name": "tag", "value": "@pytest.mark.usefixtures('setup')"}, {"name": "parentSuite", "value": "tests"}, {"name": "suite", "value": "test_api"}, {"name": "subSuite", "value": "TestApi"}, {"name": "host", "value": "DESKTOP-EGG762M"}, {"name": "thread", "value": "11972-MainThread"}, {"name": "framework", "value": "pytest"}, {"name": "language", "value": "cpython3"}, {"name": "package", "value": "tests.test_api"}]}