{"name": "test_register[Create user - Password Symbolic]", "status": "failed", "statusDetails": {"message": "AssertionError: FAILURE: \u001b[31massert 200 == 201\ntests\\test_api.py:28 in test_register() -> check.equal(response.status_code,\n\u001b[39m\n------------------------------------------------------------\nFailed Checks: 1", "trace": "FAILURE: \u001b[31massert 200 == 201\ntests\\test_api.py:28 in test_register() -> check.equal(response.status_code,\n\u001b[39m\n------------------------------------------------------------\nFailed Checks: 1"}, "attachments": [{"name": "log", "source": "3bb48e6c-15f0-4646-aeef-4519c528d21f-attachment.txt", "type": "text/plain"}], "parameters": [{"name": "case", "value": "{'Case': 'Create user - Password Symbolic', 'Test Type': 'Positive', 'Request_Body': {'firstName': 'nrkmntsNegaTECCAJDGSSlCiln', 'lastName': 'gCLmBRglEnAGVfEkgtJvYYDuWD', 'username': 'bzKP9425', 'password': '`,:~'}}"}], "start": 1670168730092, "stop": 1670168730789, "uuid": "1eb6d5b8-0617-4cd2-ba0c-7cc002c39c1e", "historyId": "ff8eb4b926126952e44825bd8d1a5621", "testCaseId": "bd51a8de3249e024de618e4e17a0a343", "fullName": "tests.test_api.TestApi#test_register", "labels": [{"name": "tag", "value": "@pytest.mark.usefixtures('setup')"}, {"name": "parentSuite", "value": "tests"}, {"name": "suite", "value": "test_api"}, {"name": "subSuite", "value": "TestApi"}, {"name": "host", "value": "DESKTOP-EGG762M"}, {"name": "thread", "value": "11972-MainThread"}, {"name": "framework", "value": "pytest"}, {"name": "language", "value": "cpython3"}, {"name": "package", "value": "tests.test_api"}]}