{"name": "test_register[Create user - username Alpha]", "status": "failed", "statusDetails": {"message": "AssertionError: FAILURE: \u001b[31massert 200 == 400\ntests\\test_api.py:41 in test_register() -> check.equal(response.status_code,\n\u001b[39m\n------------------------------------------------------------\nFailed Checks: 1", "trace": "FAILURE: \u001b[31massert 200 == 400\ntests\\test_api.py:41 in test_register() -> check.equal(response.status_code,\n\u001b[39m\n------------------------------------------------------------\nFailed Checks: 1"}, "attachments": [{"name": "log", "source": "ef3b2a83-b68c-4ea2-8d21-42f30ea9e102-attachment.txt", "type": "text/plain"}], "parameters": [{"name": "case", "value": "{'Case': 'Create user - username Alpha', 'Test Type': 'Negative', 'Request_Body': {'firstName': 'VLeSWMsjZoVevQUWxrhnCIYqtA', 'lastName': 'JlcMzGyovCrzXhVXftHPOxfvqq', 'username': 'kyjBHcpK', 'password': 'Ya31'}}"}], "start": 1670168724452, "stop": 1670168725241, "uuid": "ef54dd94-09dd-4c9e-91f5-809940199796", "historyId": "2566b78e428dc081e0000f26deef91bc", "testCaseId": "bd51a8de3249e024de618e4e17a0a343", "fullName": "tests.test_api.TestApi#test_register", "labels": [{"name": "tag", "value": "@pytest.mark.usefixtures('setup')"}, {"name": "parentSuite", "value": "tests"}, {"name": "suite", "value": "test_api"}, {"name": "subSuite", "value": "TestApi"}, {"name": "host", "value": "DESKTOP-EGG762M"}, {"name": "thread", "value": "11972-MainThread"}, {"name": "framework", "value": "pytest"}, {"name": "language", "value": "cpython3"}, {"name": "package", "value": "tests.test_api"}]}