{"name": "test_register[Create user - Firstname Is Below Min Value]", "status": "failed", "statusDetails": {"message": "AssertionError: FAILURE: \u001b[31massert 200 == 400\ntests\\test_api.py:41 in test_register() -> check.equal(response.status_code,\n\u001b[39m\n------------------------------------------------------------\nFailed Checks: 1", "trace": "FAILURE: \u001b[31massert 200 == 400\ntests\\test_api.py:41 in test_register() -> check.equal(response.status_code,\n\u001b[39m\n------------------------------------------------------------\nFailed Checks: 1"}, "attachments": [{"name": "log", "source": "2ab6ce6d-0d27-4f48-aa82-247dc67b07d3-attachment.txt", "type": "text/plain"}], "parameters": [{"name": "case", "value": "{'Case': 'Create user - Firstname Is Below Min Value', 'Test Type': 'Negative', 'Request_Body': {'firstName': 'U', 'lastName': 'FbfHAUcmJCBiTAQUKsUvXNZtzc', 'username': 'Ggpe5154', 'password': 'wj1$#\"'}}"}], "start": 1670168731815, "stop": 1670168732555, "uuid": "de5b5742-4efc-41ce-ab9f-8326734ed0e8", "historyId": "4115b69244e7f9043271bc79a9a861ae", "testCaseId": "bd51a8de3249e024de618e4e17a0a343", "fullName": "tests.test_api.TestApi#test_register", "labels": [{"name": "tag", "value": "@pytest.mark.usefixtures('setup')"}, {"name": "parentSuite", "value": "tests"}, {"name": "suite", "value": "test_api"}, {"name": "subSuite", "value": "TestApi"}, {"name": "host", "value": "DESKTOP-EGG762M"}, {"name": "thread", "value": "11972-MainThread"}, {"name": "framework", "value": "pytest"}, {"name": "language", "value": "cpython3"}, {"name": "package", "value": "tests.test_api"}]}