{"name": "test_register[Create user - username Symbolic]", "status": "failed", "statusDetails": {"message": "AssertionError: FAILURE: \u001b[31massert 200 == 400\ntests\\test_api.py:41 in test_register() -> check.equal(response.status_code,\n\u001b[39m\n------------------------------------------------------------\nFailed Checks: 1", "trace": "FAILURE: \u001b[31massert 200 == 400\ntests\\test_api.py:41 in test_register() -> check.equal(response.status_code,\n\u001b[39m\n------------------------------------------------------------\nFailed Checks: 1"}, "attachments": [{"name": "log", "source": "d33cbd3f-741b-487e-8f8b-ef2b4acc3ecb-attachment.txt", "type": "text/plain"}], "parameters": [{"name": "case", "value": "{'Case': 'Create user - username Symbolic', 'Test Type': 'Negative', 'Request_Body': {'firstName': 'yrPooeAOImcFNFwcfvoQOsxNNj', 'lastName': 'OvSeunBfWZcKCeyAhGgbaKpWUp', 'username': '\\\\:}-++~`', 'password': 'OB84'}}"}], "start": 1670168726049, "stop": 1670168726852, "uuid": "d2da8a02-e42a-4eab-af7e-21f23b839e2e", "historyId": "e0a8c6cfd96a512f7c40123643611383", "testCaseId": "bd51a8de3249e024de618e4e17a0a343", "fullName": "tests.test_api.TestApi#test_register", "labels": [{"name": "tag", "value": "@pytest.mark.usefixtures('setup')"}, {"name": "parentSuite", "value": "tests"}, {"name": "suite", "value": "test_api"}, {"name": "subSuite", "value": "TestApi"}, {"name": "host", "value": "DESKTOP-EGG762M"}, {"name": "thread", "value": "11972-MainThread"}, {"name": "framework", "value": "pytest"}, {"name": "language", "value": "cpython3"}, {"name": "package", "value": "tests.test_api"}]}