{"name": "test_register[Create user - username AlphaNumeric & Symbolic]", "status": "failed", "statusDetails": {"message": "AssertionError: FAILURE: \u001b[31massert 200 == 400\ntests\\test_api.py:41 in test_register() -> check.equal(response.status_code,\n\u001b[39m\n------------------------------------------------------------\nFailed Checks: 1", "trace": "FAILURE: \u001b[31massert 200 == 400\ntests\\test_api.py:41 in test_register() -> check.equal(response.status_code,\n\u001b[39m\n------------------------------------------------------------\nFailed Checks: 1"}, "attachments": [{"name": "log", "source": "d18327b6-4f73-49ff-9ff1-a874e3bf1001-attachment.txt", "type": "text/plain"}], "parameters": [{"name": "case", "value": "{'Case': 'Create user - username AlphaNumeric & Symbolic', 'Test Type': 'Negative', 'Request_Body': {'firstName': 'XUSfcHAtMIcpMlxozrLFnGmudu', 'lastName': 'tzCfLmYQXhWbuiFANgPVRwkCqW', 'username': 'tgD1\\\\_.]', 'password': 'rVv925'}}"}], "start": 1670168726859, "stop": 1670168727681, "uuid": "23a0e36e-0c50-4e90-8bef-5a5219c40285", "historyId": "2f320e23db0d180467a021cea55f139e", "testCaseId": "bd51a8de3249e024de618e4e17a0a343", "fullName": "tests.test_api.TestApi#test_register", "labels": [{"name": "tag", "value": "@pytest.mark.usefixtures('setup')"}, {"name": "parentSuite", "value": "tests"}, {"name": "suite", "value": "test_api"}, {"name": "subSuite", "value": "TestApi"}, {"name": "host", "value": "DESKTOP-EGG762M"}, {"name": "thread", "value": "11972-MainThread"}, {"name": "framework", "value": "pytest"}, {"name": "language", "value": "cpython3"}, {"name": "package", "value": "tests.test_api"}]}