{"name": "test_register[Create user - Firstname Symbolic]", "status": "failed", "statusDetails": {"message": "AssertionError: FAILURE: \u001b[31massert 200 == 400\ntests\\test_api.py:41 in test_register() -> check.equal(response.status_code,\n\u001b[39m\n------------------------------------------------------------\nFailed Checks: 1", "trace": "FAILURE: \u001b[31massert 200 == 400\ntests\\test_api.py:41 in test_register() -> check.equal(response.status_code,\n\u001b[39m\n------------------------------------------------------------\nFailed Checks: 1"}, "attachments": [{"name": "log", "source": "c9b1c449-66f2-4ddf-91fd-1543594c608d-attachment.txt", "type": "text/plain"}], "parameters": [{"name": "case", "value": "{'Case': 'Create user - Firstname Symbolic', 'Test Type': 'Negative', 'Request_Body': {'firstName': '%^\\';$}\\'?(.@{!-`;!`@-(\"-]:`', 'lastName': 'FTiredVQluAxpvfMwPTzTqpNMk', 'username': 'uBls4752', 'password': 'hu266'}}"}], "start": 1670168719710, "stop": 1670168720543, "uuid": "472d445f-6b23-49d8-985a-e08316a37044", "historyId": "bead35b0b7177b51f75816b107a41cf9", "testCaseId": "bd51a8de3249e024de618e4e17a0a343", "fullName": "tests.test_api.TestApi#test_register", "labels": [{"name": "tag", "value": "@pytest.mark.usefixtures('setup')"}, {"name": "parentSuite", "value": "tests"}, {"name": "suite", "value": "test_api"}, {"name": "subSuite", "value": "TestApi"}, {"name": "host", "value": "DESKTOP-EGG762M"}, {"name": "thread", "value": "11972-MainThread"}, {"name": "framework", "value": "pytest"}, {"name": "language", "value": "cpython3"}, {"name": "package", "value": "tests.test_api"}]}