{"name": "test_register[Create user - Lastname Alphanumeric & Symbolic]", "status": "failed", "statusDetails": {"message": "AssertionError: FAILURE: \u001b[31massert 200 == 400\ntests\\test_api.py:41 in test_register() -> check.equal(response.status_code,\n\u001b[39m\n------------------------------------------------------------\nFailed Checks: 1", "trace": "FAILURE: \u001b[31massert 200 == 400\ntests\\test_api.py:41 in test_register() -> check.equal(response.status_code,\n\u001b[39m\n------------------------------------------------------------\nFailed Checks: 1"}, "attachments": [{"name": "log", "source": "7905eee7-b9b6-4157-8e0d-5434abc8be8a-attachment.txt", "type": "text/plain"}], "parameters": [{"name": "case", "value": "{'Case': 'Create user - Lastname Alphanumeric & Symbolic', 'Test Type': 'Negative', 'Request_Body': {'firstName': 'VsCrfvkSJRejkiwPHQJtUkFeLc', 'lastName': 'mwgJJEDpm4386|,;/=.\"=#{(+?', 'username': 'RnZI3629', 'password': 'mUCR8602'}}"}], "start": 1670168723643, "stop": 1670168724445, "uuid": "2fdc5887-f925-42ff-a40b-7d07737c7f52", "historyId": "23ea39a1a434fcb0df85d899d6faeba3", "testCaseId": "bd51a8de3249e024de618e4e17a0a343", "fullName": "tests.test_api.TestApi#test_register", "labels": [{"name": "tag", "value": "@pytest.mark.usefixtures('setup')"}, {"name": "parentSuite", "value": "tests"}, {"name": "suite", "value": "test_api"}, {"name": "subSuite", "value": "TestApi"}, {"name": "host", "value": "DESKTOP-EGG762M"}, {"name": "thread", "value": "11972-MainThread"}, {"name": "framework", "value": "pytest"}, {"name": "language", "value": "cpython3"}, {"name": "package", "value": "tests.test_api"}]}