{"name": "test_register[Create user - Empty Firstname Field]", "status": "failed", "statusDetails": {"message": "AssertionError: FAILURE: \u001b[31massert 200 == 400\ntests\\test_api.py:41 in test_register() -> check.equal(response.status_code,\n\u001b[39m\n------------------------------------------------------------\nFailed Checks: 1", "trace": "FAILURE: \u001b[31massert 200 == 400\ntests\\test_api.py:41 in test_register() -> check.equal(response.status_code,\n\u001b[39m\n------------------------------------------------------------\nFailed Checks: 1"}, "attachments": [{"name": "log", "source": "dbba8036-b5ed-49fe-8179-fd02fbcf4d86-attachment.txt", "type": "text/plain"}], "parameters": [{"name": "case", "value": "{'Case': 'Create user - Empty Firstname Field', 'Test Type': 'Negative', 'Request_Body': {'firstName': '', 'lastName': 'ymAaeGThhuUsGaeAMufWPrmyhe', 'username': 'naMR0605', 'password': 'UpYC5608'}}"}], "start": 1670168709628, "stop": 1670168710346, "uuid": "61870486-ddd8-48a2-9d70-42b796cda3cc", "historyId": "a94e1da34c33bd789769ae5c5fc0e148", "testCaseId": "bd51a8de3249e024de618e4e17a0a343", "fullName": "tests.test_api.TestApi#test_register", "labels": [{"name": "tag", "value": "@pytest.mark.usefixtures('setup')"}, {"name": "parentSuite", "value": "tests"}, {"name": "suite", "value": "test_api"}, {"name": "subSuite", "value": "TestApi"}, {"name": "host", "value": "DESKTOP-EGG762M"}, {"name": "thread", "value": "11972-MainThread"}, {"name": "framework", "value": "pytest"}, {"name": "language", "value": "cpython3"}, {"name": "package", "value": "tests.test_api"}]}