{"name": "test_register[Create user - Empty username Field]", "status": "failed", "statusDetails": {"message": "AssertionError: FAILURE: \u001b[31massert 200 == 400\ntests\\test_api.py:41 in test_register() -> check.equal(response.status_code,\n\u001b[39m\n------------------------------------------------------------\nFailed Checks: 1", "trace": "FAILURE: \u001b[31massert 200 == 400\ntests\\test_api.py:41 in test_register() -> check.equal(response.status_code,\n\u001b[39m\n------------------------------------------------------------\nFailed Checks: 1"}, "attachments": [{"name": "log", "source": "09cabbb6-df44-44c5-bc15-c2658d1ee5dd-attachment.txt", "type": "text/plain"}], "parameters": [{"name": "case", "value": "{'Case': 'Create user - Empty username Field', 'Test Type': 'Negative', 'Request_Body': {'firstName': 'cBeTBsmwgblmTHXzLRPZIxhXtI', 'lastName': 'gagSUvGrXQnHgZwHyOzTdVSbey', 'username': '', 'password': 'oHqq1832'}}"}], "start": 1670168711089, "stop": 1670168711882, "uuid": "09e0bc94-9066-4f4b-923f-2bf4bc985c4e", "historyId": "7bff9c50ccfcb84a3b6fbc127b9f8464", "testCaseId": "bd51a8de3249e024de618e4e17a0a343", "fullName": "tests.test_api.TestApi#test_register", "labels": [{"name": "tag", "value": "@pytest.mark.usefixtures('setup')"}, {"name": "parentSuite", "value": "tests"}, {"name": "suite", "value": "test_api"}, {"name": "subSuite", "value": "TestApi"}, {"name": "host", "value": "DESKTOP-EGG762M"}, {"name": "thread", "value": "11972-MainThread"}, {"name": "framework", "value": "pytest"}, {"name": "language", "value": "cpython3"}, {"name": "package", "value": "tests.test_api"}]}