{"name": "test_register[Create user - Max Values]", "status": "failed", "statusDetails": {"message": "AssertionError: FAILURE: \u001b[31massert 200 == 201\ntests\\test_api.py:28 in test_register() -> check.equal(response.status_code,\n\u001b[39m\n------------------------------------------------------------\nFailed Checks: 1", "trace": "FAILURE: \u001b[31massert 200 == 201\ntests\\test_api.py:28 in test_register() -> check.equal(response.status_code,\n\u001b[39m\n------------------------------------------------------------\nFailed Checks: 1"}, "attachments": [{"name": "log", "source": "a7fb9278-38ff-41b7-bc97-6bcab5b788e3-attachment.txt", "type": "text/plain"}], "parameters": [{"name": "case", "value": "{'Case': 'Create user - Max Values', 'Test Type': 'Positive', 'Request_Body': {'firstName': 'xWmoSJVpvykxPWyelZosURSphpOdpLUsWyWquKbvaUuEbNKcYP', 'lastName': 'HdLGPZJnktRrbpsVdskmDJGKMBCbIWhmopOzmxKRUNzhhTxuGj', 'username': 'AoQSPC942052', 'password': 'jqej2691'}}"}], "start": 1670168708835, "stop": 1670168709622, "uuid": "1d22df6a-f3c1-4007-be6b-94071df42376", "historyId": "474194b9eb78952bc05195a9a3c079b0", "testCaseId": "bd51a8de3249e024de618e4e17a0a343", "fullName": "tests.test_api.TestApi#test_register", "labels": [{"name": "tag", "value": "@pytest.mark.usefixtures('setup')"}, {"name": "parentSuite", "value": "tests"}, {"name": "suite", "value": "test_api"}, {"name": "subSuite", "value": "TestApi"}, {"name": "host", "value": "DESKTOP-EGG762M"}, {"name": "thread", "value": "11972-MainThread"}, {"name": "framework", "value": "pytest"}, {"name": "language", "value": "cpython3"}, {"name": "package", "value": "tests.test_api"}]}