{"name": "test_register[Create user - Empty Password Field1]", "status": "failed", "statusDetails": {"message": "AssertionError: FAILURE: \u001b[31massert 200 == 201\ntests\\test_api.py:28 in test_register() -> check.equal(response.status_code,\n\u001b[39m\n------------------------------------------------------------\nFailed Checks: 1", "trace": "FAILURE: \u001b[31massert 200 == 201\ntests\\test_api.py:28 in test_register() -> check.equal(response.status_code,\n\u001b[39m\n------------------------------------------------------------\nFailed Checks: 1"}, "attachments": [{"name": "log", "source": "33db60bd-8ba9-4264-8f58-2446f9c1decc-attachment.txt", "type": "text/plain"}], "parameters": [{"name": "case", "value": "{'Case': 'Create user - Empty Password Field', 'Test Type': 'Positive', 'Request_Body': {'firstName': 'SHWqDMsPsxeTENbDatqoNBaLAd', 'lastName': 'sRUHnRDwwOUqLVvBUjJDLnnNSV', 'username': 'ZfOS6993', 'password': ''}}"}], "start": 1670168717401, "stop": 1670168718140, "uuid": "2c74a208-3405-48a9-91bf-8fd3720a1622", "historyId": "084ea2c099f3c14047834a6e4247a10d", "testCaseId": "bd51a8de3249e024de618e4e17a0a343", "fullName": "tests.test_api.TestApi#test_register", "labels": [{"name": "tag", "value": "@pytest.mark.usefixtures('setup')"}, {"name": "parentSuite", "value": "tests"}, {"name": "suite", "value": "test_api"}, {"name": "subSuite", "value": "TestApi"}, {"name": "host", "value": "DESKTOP-EGG762M"}, {"name": "thread", "value": "11972-MainThread"}, {"name": "framework", "value": "pytest"}, {"name": "language", "value": "cpython3"}, {"name": "package", "value": "tests.test_api"}]}