{"name": "test_register[Create user - LastName Is Below Min Value]", "status": "failed", "statusDetails": {"message": "AssertionError: FAILURE: \u001b[31massert 200 == 400\ntests\\test_api.py:41 in test_register() -> check.equal(response.status_code,\n\u001b[39m\n------------------------------------------------------------\nFailed Checks: 1", "trace": "FAILURE: \u001b[31massert 200 == 400\ntests\\test_api.py:41 in test_register() -> check.equal(response.status_code,\n\u001b[39m\n------------------------------------------------------------\nFailed Checks: 1"}, "attachments": [{"name": "log", "source": "0a71a52e-02c6-4c90-9e87-e4fae0e959e3-attachment.txt", "type": "text/plain"}], "parameters": [{"name": "case", "value": "{'Case': 'Create user - LastName Is Below Min Value', 'Test Type': 'Negative', 'Request_Body': {'firstName': 'SrBJqKhYfforHLZiwbTyEaSOok', 'lastName': 'J', 'username': 'hreq0201', 'password': '<`|${|#'}}"}], "start": 1670168735042, "stop": 1670168735889, "uuid": "092bca71-5c78-4119-8078-5ebe1c6586cd", "historyId": "423161f1aa9f13495f2ad65d5b246265", "testCaseId": "bd51a8de3249e024de618e4e17a0a343", "fullName": "tests.test_api.TestApi#test_register", "labels": [{"name": "tag", "value": "@pytest.mark.usefixtures('setup')"}, {"name": "parentSuite", "value": "tests"}, {"name": "suite", "value": "test_api"}, {"name": "subSuite", "value": "TestApi"}, {"name": "host", "value": "DESKTOP-EGG762M"}, {"name": "thread", "value": "11972-MainThread"}, {"name": "framework", "value": "pytest"}, {"name": "language", "value": "cpython3"}, {"name": "package", "value": "tests.test_api"}]}