{"name": "test_register[Create user - Lastname Alphanumeric]", "status": "failed", "statusDetails": {"message": "AssertionError: FAILURE: \u001b[31massert 200 == 400\ntests\\test_api.py:41 in test_register() -> check.equal(response.status_code,\n\u001b[39m\n------------------------------------------------------------\nFailed Checks: 1", "trace": "FAILURE: \u001b[31massert 200 == 400\ntests\\test_api.py:41 in test_register() -> check.equal(response.status_code,\n\u001b[39m\n------------------------------------------------------------\nFailed Checks: 1"}, "attachments": [{"name": "log", "source": "c1926597-43f3-46c0-8d1a-fc561369fee8-attachment.txt", "type": "text/plain"}], "parameters": [{"name": "case", "value": "{'Case': 'Create user - Lastname Alphanumeric', 'Test Type': 'Negative', 'Request_Body': {'firstName': 'PmrwTJvLbbePIQAPEhHEkqWdhQ', 'lastName': 'ffjEAvBiajjJs3113705838551', 'username': 'LWOR8247', 'password': 'KsrP592'}}"}], "start": 1670168721269, "stop": 1670168722006, "uuid": "de35849d-7d41-41ec-9f07-56f3aa501267", "historyId": "bc238dbd99eb38a13eda76c9a0dbe765", "testCaseId": "bd51a8de3249e024de618e4e17a0a343", "fullName": "tests.test_api.TestApi#test_register", "labels": [{"name": "tag", "value": "@pytest.mark.usefixtures('setup')"}, {"name": "parentSuite", "value": "tests"}, {"name": "suite", "value": "test_api"}, {"name": "subSuite", "value": "TestApi"}, {"name": "host", "value": "DESKTOP-EGG762M"}, {"name": "thread", "value": "11972-MainThread"}, {"name": "framework", "value": "pytest"}, {"name": "language", "value": "cpython3"}, {"name": "package", "value": "tests.test_api"}]}