{"name": "test_register[Create user - LastName Is Above Max Value]", "status": "failed", "statusDetails": {"message": "AssertionError: FAILURE: \u001b[31massert 200 == 400\ntests\\test_api.py:41 in test_register() -> check.equal(response.status_code,\n\u001b[39m\n------------------------------------------------------------\nFailed Checks: 1", "trace": "FAILURE: \u001b[31massert 200 == 400\ntests\\test_api.py:41 in test_register() -> check.equal(response.status_code,\n\u001b[39m\n------------------------------------------------------------\nFailed Checks: 1"}, "attachments": [{"name": "log", "source": "7160640b-074f-4477-96f5-81d0a89723ca-attachment.txt", "type": "text/plain"}], "parameters": [{"name": "case", "value": "{'Case': 'Create user - LastName Is Above Max Value', 'Test Type': 'Negative', 'Request_Body': {'firstName': 'jSlBffPeuStoctlyAbonclQvrn', 'lastName': 'YISWPwWJyAnzCOVoTrQwtWGWhXQeXdEGBHjGxVDdLuSNtTynHOs', 'username': 'LkFB9054', 'password': '`:~%/,;'}}"}], "start": 1670168740685, "stop": 1670168741395, "uuid": "2c636081-8260-42c1-a1a2-bb851c34318f", "historyId": "a1c8f860fe6d795da929fe29e10ab768", "testCaseId": "bd51a8de3249e024de618e4e17a0a343", "fullName": "tests.test_api.TestApi#test_register", "labels": [{"name": "tag", "value": "@pytest.mark.usefixtures('setup')"}, {"name": "parentSuite", "value": "tests"}, {"name": "suite", "value": "test_api"}, {"name": "subSuite", "value": "TestApi"}, {"name": "host", "value": "DESKTOP-EGG762M"}, {"name": "thread", "value": "11972-MainThread"}, {"name": "framework", "value": "pytest"}, {"name": "language", "value": "cpython3"}, {"name": "package", "value": "tests.test_api"}]}