{"name": "test_register[Create user - Empty Password Field0]", "status": "failed", "statusDetails": {"message": "AssertionError: FAILURE: \u001b[31massert 200 == 400\ntests\\test_api.py:41 in test_register() -> check.equal(response.status_code,\n\u001b[39m\n------------------------------------------------------------\nFailed Checks: 1", "trace": "FAILURE: \u001b[31massert 200 == 400\ntests\\test_api.py:41 in test_register() -> check.equal(response.status_code,\n\u001b[39m\n------------------------------------------------------------\nFailed Checks: 1"}, "attachments": [{"name": "log", "source": "bc69e681-0c9f-489a-9ed2-4c17e20ae1d6-attachment.txt", "type": "text/plain"}], "parameters": [{"name": "case", "value": "{'Case': 'Create user - Empty Password Field', 'Test Type': 'Negative', 'Request_Body': {'firstName': 'lbWWPYBtbeYswEPDuOhuUgbHMA', 'lastName': 'sQWoukMTjWxhdITltrTlmNLbIP', 'username': 'anWW0235', 'password': ''}}"}], "start": 1670168711889, "stop": 1670168712619, "uuid": "e3061b6c-e598-4c6a-afff-3e3876ece992", "historyId": "2b53500d8e22fa539cc5b7789ea30457", "testCaseId": "bd51a8de3249e024de618e4e17a0a343", "fullName": "tests.test_api.TestApi#test_register", "labels": [{"name": "tag", "value": "@pytest.mark.usefixtures('setup')"}, {"name": "parentSuite", "value": "tests"}, {"name": "suite", "value": "test_api"}, {"name": "subSuite", "value": "TestApi"}, {"name": "host", "value": "DESKTOP-EGG762M"}, {"name": "thread", "value": "11972-MainThread"}, {"name": "framework", "value": "pytest"}, {"name": "language", "value": "cpython3"}, {"name": "package", "value": "tests.test_api"}]}