{"name": "test_register[Create user - Firstname Alphanumeric]", "status": "failed", "statusDetails": {"message": "AssertionError: FAILURE: \u001b[31massert 200 == 400\ntests\\test_api.py:41 in test_register() -> check.equal(response.status_code,\n\u001b[39m\n------------------------------------------------------------\nFailed Checks: 1", "trace": "FAILURE: \u001b[31massert 200 == 400\ntests\\test_api.py:41 in test_register() -> check.equal(response.status_code,\n\u001b[39m\n------------------------------------------------------------\nFailed Checks: 1"}, "attachments": [{"name": "log", "source": "51e5f2b6-9801-4178-8023-cf5220437986-attachment.txt", "type": "text/plain"}], "parameters": [{"name": "case", "value": "{'Case': 'Create user - Firstname Alphanumeric', 'Test Type': 'Negative', 'Request_Body': {'firstName': 'HVzgbVkEjhOJz8991976634400', 'lastName': 'OZLXQsUQXBSjjRkuDseMeZryNf', 'username': 'Ybst7041', 'password': 'RDxK306'}}"}], "start": 1670168718146, "stop": 1670168718874, "uuid": "3e2018f6-4dfb-4998-9aac-9a923d0fbb37", "historyId": "9f7a4afaa56473b1a1918fc536ae2437", "testCaseId": "bd51a8de3249e024de618e4e17a0a343", "fullName": "tests.test_api.TestApi#test_register", "labels": [{"name": "tag", "value": "@pytest.mark.usefixtures('setup')"}, {"name": "parentSuite", "value": "tests"}, {"name": "suite", "value": "test_api"}, {"name": "subSuite", "value": "TestApi"}, {"name": "host", "value": "DESKTOP-EGG762M"}, {"name": "thread", "value": "11972-MainThread"}, {"name": "framework", "value": "pytest"}, {"name": "language", "value": "cpython3"}, {"name": "package", "value": "tests.test_api"}]}