{"name": "test_register[Create user - Firstname & username Are Below Min Value]", "status": "failed", "statusDetails": {"message": "AssertionError: FAILURE: \u001b[31massert 200 == 400\ntests\\test_api.py:41 in test_register() -> check.equal(response.status_code,\n\u001b[39m\n------------------------------------------------------------\nFailed Checks: 1", "trace": "FAILURE: \u001b[31massert 200 == 400\ntests\\test_api.py:41 in test_register() -> check.equal(response.status_code,\n\u001b[39m\n------------------------------------------------------------\nFailed Checks: 1"}, "attachments": [{"name": "log", "source": "3e218a99-cd81-4d64-8aaa-e29809bf203c-attachment.txt", "type": "text/plain"}], "parameters": [{"name": "case", "value": "{'Case': 'Create user - Firstname & username Are Below Min Value', 'Test Type': 'Negative', 'Request_Body': {'firstName': 'X', 'lastName': 'hevqnJAKxjkrWwLpnbJWWzIMPe', 'username': 'Mc4', 'password': 'mA78:>,'}}"}], "start": 1670168733360, "stop": 1670168734172, "uuid": "ab392d72-a398-46a0-bc04-198239e8df85", "historyId": "668f0fb91b5012ca3937ce280d95929f", "testCaseId": "bd51a8de3249e024de618e4e17a0a343", "fullName": "tests.test_api.TestApi#test_register", "labels": [{"name": "tag", "value": "@pytest.mark.usefixtures('setup')"}, {"name": "parentSuite", "value": "tests"}, {"name": "suite", "value": "test_api"}, {"name": "subSuite", "value": "TestApi"}, {"name": "host", "value": "DESKTOP-EGG762M"}, {"name": "thread", "value": "11972-MainThread"}, {"name": "framework", "value": "pytest"}, {"name": "language", "value": "cpython3"}, {"name": "package", "value": "tests.test_api"}]}