{"name": "test_register[Create user - Empty username & Password Field]", "status": "failed", "statusDetails": {"message": "AssertionError: FAILURE: \u001b[31massert 200 == 400\ntests\\test_api.py:41 in test_register() -> check.equal(response.status_code,\n\u001b[39m\n------------------------------------------------------------\nFailed Checks: 1", "trace": "FAILURE: \u001b[31massert 200 == 400\ntests\\test_api.py:41 in test_register() -> check.equal(response.status_code,\n\u001b[39m\n------------------------------------------------------------\nFailed Checks: 1"}, "attachments": [{"name": "log", "source": "61feebb7-91eb-4d53-9ece-59c91db08612-attachment.txt", "type": "text/plain"}], "parameters": [{"name": "case", "value": "{'Case': 'Create user - Empty username & Password Field', 'Test Type': 'Negative', 'Request_Body': {'firstName': 'cAlLSNPXRPCHlvmybJIWwquDEj', 'lastName': 'WvQbLbzGpkGcPFgTRLHQigpcYi', 'username': '', 'password': ''}}"}], "start": 1670168716581, "stop": 1670168717393, "uuid": "d89dcc06-3b0a-4fb7-b646-ff38b1fca5bf", "historyId": "8a34f37d720628191e0aaf64701cf5ad", "testCaseId": "bd51a8de3249e024de618e4e17a0a343", "fullName": "tests.test_api.TestApi#test_register", "labels": [{"name": "tag", "value": "@pytest.mark.usefixtures('setup')"}, {"name": "parentSuite", "value": "tests"}, {"name": "suite", "value": "test_api"}, {"name": "subSuite", "value": "TestApi"}, {"name": "host", "value": "DESKTOP-EGG762M"}, {"name": "thread", "value": "11972-MainThread"}, {"name": "framework", "value": "pytest"}, {"name": "language", "value": "cpython3"}, {"name": "package", "value": "tests.test_api"}]}