{"name": "test_register[Create user - Firstname & Lastname Are Below Min Value]", "status": "failed", "statusDetails": {"message": "AssertionError: FAILURE: \u001b[31massert 200 == 400\ntests\\test_api.py:41 in test_register() -> check.equal(response.status_code,\n\u001b[39m\n------------------------------------------------------------\nFailed Checks: 1", "trace": "FAILURE: \u001b[31massert 200 == 400\ntests\\test_api.py:41 in test_register() -> check.equal(response.status_code,\n\u001b[39m\n------------------------------------------------------------\nFailed Checks: 1"}, "attachments": [{"name": "log", "source": "343725da-2802-4ec8-b3f1-06bfcb05c25f-attachment.txt", "type": "text/plain"}], "parameters": [{"name": "case", "value": "{'Case': 'Create user - Firstname & Lastname Are Below Min Value', 'Test Type': 'Negative', 'Request_Body': {'firstName': 'a', 'lastName': 's', 'username': 'UbtG5688', 'password': 'HJ*;.'}}"}], "start": 1670168732562, "stop": 1670168733352, "uuid": "d76c95d2-3bca-4a52-8075-4b57f69422a8", "historyId": "3cc30e209b7675f34de2841a32a49c45", "testCaseId": "bd51a8de3249e024de618e4e17a0a343", "fullName": "tests.test_api.TestApi#test_register", "labels": [{"name": "tag", "value": "@pytest.mark.usefixtures('setup')"}, {"name": "parentSuite", "value": "tests"}, {"name": "suite", "value": "test_api"}, {"name": "subSuite", "value": "TestApi"}, {"name": "host", "value": "DESKTOP-EGG762M"}, {"name": "thread", "value": "11972-MainThread"}, {"name": "framework", "value": "pytest"}, {"name": "language", "value": "cpython3"}, {"name": "package", "value": "tests.test_api"}]}